<?xml version="1.0" encoding="UTF-8"?>
<!-- Generated by org.testng.reporters.JUnitXMLReporter -->
<testsuite hostname="DELL7490-2362" ignored="0" name="Surefire test" tests="3" failures="1" timestamp="2020-05-27T15:14:44 IST" time="37.675" errors="0">
  <testcase name="runScenario" time="16.188" classname="io.cucumber.testng.AbstractTestNGCucumberTests"/>
  <testcase name="runScenario" time="11.149" classname="io.cucumber.testng.AbstractTestNGCucumberTests"/>
  <testcase name="runScenario" time="9.193" classname="io.cucumber.testng.AbstractTestNGCucumberTests">
    <failure type="java.lang.AssertionError" message="expected [true] but found [false]">
      <![CDATA[java.lang.AssertionError: expected [true] but found [false]
at steps.LoginStep.verifyLoginPage(LoginStep.java:34)
at âœ½.scenario1 step02 executed(file:///E:/Workspace/code4test/BDDPractice/src/test/java/features/Login.feature:10)
... Removed 4 stack frames]]>
    </failure>
  </testcase> <!-- runScenario -->
</testsuite> <!-- Surefire test -->
