<?xml version="1.0" encoding="UTF-8"?>
<!-- Generated by org.testng.reporters.JUnitReportReporter -->
<testsuite skipped="0" hostname="DELL7490-2362" name="runner.TestRunner" tests="3" failures="1" timestamp="2020-05-27T15:14:44 IST" time="36.530" errors="0">
  <testcase name="runScenario" time="9.193" classname="runner.TestRunner">
    <failure type="java.lang.AssertionError" message="expected [true] but found [false]">
      <![CDATA[java.lang.AssertionError: expected [true] but found [false]
at org.testng.Assert.fail(Assert.java:97)
at org.testng.Assert.failNotEquals(Assert.java:969)
at org.testng.Assert.assertTrue(Assert.java:43)
at org.testng.Assert.assertTrue(Assert.java:53)
at steps.LoginStep.verifyLoginPage(LoginStep.java:34)
at âœ½.scenario1 step02 executed(file:///E:/Workspace/code4test/BDDPractice/src/test/java/features/Login.feature:10)
]]>
    </failure>
  </testcase> <!-- runScenario -->
  <system-out>
scenario1 step01 executed scenario1 step02 executed Scenario : Login feature scenario1 is Failed  </system-out>
  <testcase name="runScenario" time="16.188" classname="runner.TestRunner"/>
  <system-out>
Executed - Background step Scenario1 step01 executed Scenario1 step02 executed  </system-out>
  <testcase name="runScenario" time="11.149" classname="runner.TestRunner"/>
  <system-out>
Executed - Background step Scenario2 step01 executed Scenario2 step02 executed  </system-out>
</testsuite> <!-- runner.TestRunner -->
